#
# There is insufficient memory for the Java Runtime Environment to continue.
# Native memory allocation (malloc) failed to allocate 191328 bytes for Chunk::new
# Possible reasons:
#   The system is out of physical RAM or swap space
#   The process is running with CompressedOops enabled, and the Java Heap may be blocking the growth of the native heap
# Possible solutions:
#   Reduce memory load on the system
#   Increase physical memory or swap space
#   Check if swap backing store is full
#   Decrease Java heap size (-Xmx/-Xms)
#   Decrease number of Java threads
#   Decrease Java thread stack sizes (-Xss)
#   Set larger code cache with -XX:ReservedCodeCacheSize=
#   JVM is running with Unscaled Compressed Oops mode in which the Java heap is
#     placed in the first 4GB address space. The Java Heap base address is the
#     maximum limit for the native heap growth. Please use -XX:HeapBaseMinAddress
#     to set the Java Heap base and to place the Java Heap above 4GB virtual address.
# This output file may be truncated or incomplete.
#
#  Out of Memory Error (arena.cpp:191), pid=4012, tid=8984
#
# JRE version: OpenJDK Runtime Environment JBR-17.0.10+1-1087.17-jcef (17.0.10+1) (build 17.0.10+1-b1087.17)
# Java VM: OpenJDK 64-Bit Server VM JBR-17.0.10+1-1087.17-jcef (17.0.10+1-b1087.17, mixed mode, tiered, compressed oops, compressed class ptrs, g1 gc, windows-amd64)
# No core dump will be written. Minidumps are not enabled by default on client versions of Windows
#

---------------  S U M M A R Y ------------

Command Line: git4idea.http.GitAskPassApp Username for 'https://github.com': 

Host: 11th Gen Intel(R) Core(TM) i5-1135G7 @ 2.40GHz, 8 cores, 7G,  Windows 10 , 64 bit Build 19041 (10.0.19041.5678)
Time: Sun Apr 13 14:28:19 2025 W. Central Africa Standard Time elapsed time: 0.797310 seconds (0d 0h 0m 0s)

---------------  T H R E A D  ---------------

Current thread (0x00000222ac04c080):  JavaThread "C2 CompilerThread0" daemon [_thread_in_native, id=8984, stack(0x000000673a700000,0x000000673a800000)]


Current CompileTask:
C2:    797  606       4       java.util.HashMap::put (13 bytes)

Stack: [0x000000673a700000,0x000000673a800000]
Native frames: (J=compiled Java code, j=interpreted, Vv=VM code, C=native code)
V  [jvm.dll+0x688ac9]
V  [jvm.dll+0x84220a]
V  [jvm.dll+0x843e4e]
V  [jvm.dll+0x8444b3]
V  [jvm.dll+0x24ba8f]
V  [jvm.dll+0xac524]
V  [jvm.dll+0xacb6c]
V  [jvm.dll+0x36b9c7]
V  [jvm.dll+0x335dba]
V  [jvm.dll+0x33525a]
V  [jvm.dll+0x21d751]
V  [jvm.dll+0x21cb71]
V  [jvm.dll+0x1a603d]
V  [jvm.dll+0x22ca18]
V  [jvm.dll+0x22ab50]
V  [jvm.dll+0x7f6687]
V  [jvm.dll+0x7f0a8a]
V  [jvm.dll+0x687945]
C  [ucrtbase.dll+0x21bb2]
C  [KERNEL32.DLL+0x17374]
C  [ntdll.dll+0x4cc91]


---------------  P R O C E S S  ---------------

Threads class SMR info:
_java_thread_list=0x00000222ac3ee670, length=13, elements={
0x000002228df161a0, 0x00000222a7cd1570, 0x00000222a7cd1f30, 0x00000222ac046c20,
0x00000222ac0475e0, 0x00000222ac04a1c0, 0x00000222ac04ab80, 0x00000222ac04c080,
0x00000222ac052f70, 0x00000222ac062e90, 0x00000222ac215140, 0x00000222ac227830,
0x00000222ac65e260
}

Java Threads: ( => current thread )
  0x000002228df161a0 JavaThread "main" [_thread_in_vm, id=15608, stack(0x0000006739a00000,0x0000006739b00000)]
  0x00000222a7cd1570 JavaThread "Reference Handler" daemon [_thread_blocked, id=16376, stack(0x000000673a100000,0x000000673a200000)]
  0x00000222a7cd1f30 JavaThread "Finalizer" daemon [_thread_blocked, id=6788, stack(0x000000673a200000,0x000000673a300000)]
  0x00000222ac046c20 JavaThread "Signal Dispatcher" daemon [_thread_blocked, id=17892, stack(0x000000673a300000,0x000000673a400000)]
  0x00000222ac0475e0 JavaThread "Attach Listener" daemon [_thread_blocked, id=23984, stack(0x000000673a400000,0x000000673a500000)]
  0x00000222ac04a1c0 JavaThread "Service Thread" daemon [_thread_blocked, id=10404, stack(0x000000673a500000,0x000000673a600000)]
  0x00000222ac04ab80 JavaThread "Monitor Deflation Thread" daemon [_thread_blocked, id=19184, stack(0x000000673a600000,0x000000673a700000)]
=>0x00000222ac04c080 JavaThread "C2 CompilerThread0" daemon [_thread_in_native, id=8984, stack(0x000000673a700000,0x000000673a800000)]
  0x00000222ac052f70 JavaThread "C1 CompilerThread0" daemon [_thread_in_native, id=13588, stack(0x000000673a800000,0x000000673a900000)]
  0x00000222ac062e90 JavaThread "Sweeper thread" daemon [_thread_blocked, id=22340, stack(0x000000673a900000,0x000000673aa00000)]
  0x00000222ac215140 JavaThread "Notification Thread" daemon [_thread_blocked, id=23036, stack(0x000000673aa00000,0x000000673ab00000)]
  0x00000222ac227830 JavaThread "Common-Cleaner" daemon [_thread_blocked, id=15572, stack(0x000000673ac00000,0x000000673ad00000)]
  0x00000222ac65e260 JavaThread "C2 CompilerThread1" daemon [_thread_new, id=6524, stack(0x0000000000000000,0x0000000000000000)]

Other Threads:
  0x00000222a7cea7d0 VMThread "VM Thread" [stack: 0x000000673a000000,0x000000673a100000] [id=7916]
  0x00000222ac0e1200 WatcherThread [stack: 0x000000673ab00000,0x000000673ac00000] [id=10784]
  0x000002228df6a9d0 GCTaskThread "GC Thread#0" [stack: 0x0000006739b00000,0x0000006739c00000] [id=8260]
  0x000002228df7aca0 ConcurrentGCThread "G1 Main Marker" [stack: 0x0000006739c00000,0x0000006739d00000] [id=24724]
  0x000002228df7b5c0 ConcurrentGCThread "G1 Conc#0" [stack: 0x0000006739d00000,0x0000006739e00000] [id=21152]
  0x000002228dfcd740 ConcurrentGCThread "G1 Refine#0" [stack: 0x0000006739e00000,0x0000006739f00000] [id=17256]
  0x000002228dfce070 ConcurrentGCThread "G1 Service" [stack: 0x0000006739f00000,0x000000673a000000] [id=10768]

Threads with active compile tasks:
C2 CompilerThread0      831  606       4       java.util.HashMap::put (13 bytes)

VM state: not at safepoint (normal execution)

VM Mutex/Monitor currently owned by a thread: None

Heap address: 0x0000000085c00000, size: 1956 MB, Compressed Oops mode: 32-bit

CDS archive(s) not mapped
Compressed class space mapped at: 0x0000000100000000-0x0000000140000000, reserved size: 1073741824
Narrow klass base: 0x0000000000000000, Narrow klass shift: 3, Narrow klass range: 0x140000000

GC Precious Log:
 CPUs: 8 total, 8 available
 Memory: 7821M
 Large Page Support: Disabled
 NUMA Support: Disabled
 Compressed Oops: Enabled (32-bit)
 Heap Region Size: 1M
 Heap Min Capacity: 8M
 Heap Initial Capacity: 124M
 Heap Max Capacity: 1956M
 Pre-touch: Disabled
 Parallel Workers: 8
 Concurrent Workers: 2
 Concurrent Refinement Workers: 8
 Periodic GC: Disabled

Heap:
 garbage-first heap   total 126976K, used 6144K [0x0000000085c00000, 0x0000000100000000)
  region size 1024K, 8 young (8192K), 0 survivors (0K)
 Metaspace       used 12308K, committed 12416K, reserved 1114112K
  class space    used 1200K, committed 1280K, reserved 1048576K

Heap Regions: E=young(eden), S=young(survivor), O=old, HS=humongous(starts), HC=humongous(continues), CS=collection set, F=free, OA=open archive, CA=closed archive, TAMS=top-at-mark-start (previous, next)
|   0|0x0000000085c00000, 0x0000000085c00000, 0x0000000085d00000|  0%| F|  |TAMS 0x0000000085c00000, 0x0000000085c00000| Untracked 
|   1|0x0000000085d00000, 0x0000000085d00000, 0x0000000085e00000|  0%| F|  |TAMS 0x0000000085d00000, 0x0000000085d00000| Untracked 
|   2|0x0000000085e00000, 0x0000000085e00000, 0x0000000085f00000|  0%| F|  |TAMS 0x0000000085e00000, 0x0000000085e00000| Untracked 
|   3|0x0000000085f00000, 0x0000000085f00000, 0x0000000086000000|  0%| F|  |TAMS 0x0000000085f00000, 0x0000000085f00000| Untracked 
|   4|0x0000000086000000, 0x0000000086000000, 0x0000000086100000|  0%| F|  |TAMS 0x0000000086000000, 0x0000000086000000| Untracked 
|   5|0x0000000086100000, 0x0000000086100000, 0x0000000086200000|  0%| F|  |TAMS 0x0000000086100000, 0x0000000086100000| Untracked 
|   6|0x0000000086200000, 0x0000000086200000, 0x0000000086300000|  0%| F|  |TAMS 0x0000000086200000, 0x0000000086200000| Untracked 
|   7|0x0000000086300000, 0x0000000086300000, 0x0000000086400000|  0%| F|  |TAMS 0x0000000086300000, 0x0000000086300000| Untracked 
|   8|0x0000000086400000, 0x0000000086400000, 0x0000000086500000|  0%| F|  |TAMS 0x0000000086400000, 0x0000000086400000| Untracked 
|   9|0x0000000086500000, 0x0000000086500000, 0x0000000086600000|  0%| F|  |TAMS 0x0000000086500000, 0x0000000086500000| Untracked 
|  10|0x0000000086600000, 0x0000000086600000, 0x0000000086700000|  0%| F|  |TAMS 0x0000000086600000, 0x0000000086600000| Untracked 
|  11|0x0000000086700000, 0x0000000086700000, 0x0000000086800000|  0%| F|  |TAMS 0x0000000086700000, 0x0000000086700000| Untracked 
|  12|0x0000000086800000, 0x0000000086800000, 0x0000000086900000|  0%| F|  |TAMS 0x0000000086800000, 0x0000000086800000| Untracked 
|  13|0x0000000086900000, 0x0000000086900000, 0x0000000086a00000|  0%| F|  |TAMS 0x0000000086900000, 0x0000000086900000| Untracked 
|  14|0x0000000086a00000, 0x0000000086a00000, 0x0000000086b00000|  0%| F|  |TAMS 0x0000000086a00000, 0x0000000086a00000| Untracked 
|  15|0x0000000086b00000, 0x0000000086b00000, 0x0000000086c00000|  0%| F|  |TAMS 0x0000000086b00000, 0x0000000086b00000| Untracked 
|  16|0x0000000086c00000, 0x0000000086c00000, 0x0000000086d00000|  0%| F|  |TAMS 0x0000000086c00000, 0x0000000086c00000| Untracked 
|  17|0x0000000086d00000, 0x0000000086d00000, 0x0000000086e00000|  0%| F|  |TAMS 0x0000000086d00000, 0x0000000086d00000| Untracked 
|  18|0x0000000086e00000, 0x0000000086e00000, 0x0000000086f00000|  0%| F|  |TAMS 0x0000000086e00000, 0x0000000086e00000| Untracked 
|  19|0x0000000086f00000, 0x0000000086f00000, 0x0000000087000000|  0%| F|  |TAMS 0x0000000086f00000, 0x0000000086f00000| Untracked 
|  20|0x0000000087000000, 0x0000000087000000, 0x0000000087100000|  0%| F|  |TAMS 0x0000000087000000, 0x0000000087000000| Untracked 
|  21|0x0000000087100000, 0x0000000087100000, 0x0000000087200000|  0%| F|  |TAMS 0x0000000087100000, 0x0000000087100000| Untracked 
|  22|0x0000000087200000, 0x0000000087200000, 0x0000000087300000|  0%| F|  |TAMS 0x0000000087200000, 0x0000000087200000| Untracked 
|  23|0x0000000087300000, 0x0000000087300000, 0x0000000087400000|  0%| F|  |TAMS 0x0000000087300000, 0x0000000087300000| Untracked 
|  24|0x0000000087400000, 0x0000000087400000, 0x0000000087500000|  0%| F|  |TAMS 0x0000000087400000, 0x0000000087400000| Untracked 
|  25|0x0000000087500000, 0x0000000087500000, 0x0000000087600000|  0%| F|  |TAMS 0x0000000087500000, 0x0000000087500000| Untracked 
|  26|0x0000000087600000, 0x0000000087600000, 0x0000000087700000|  0%| F|  |TAMS 0x0000000087600000, 0x0000000087600000| Untracked 
|  27|0x0000000087700000, 0x0000000087700000, 0x0000000087800000|  0%| F|  |TAMS 0x0000000087700000, 0x0000000087700000| Untracked 
|  28|0x0000000087800000, 0x0000000087800000, 0x0000000087900000|  0%| F|  |TAMS 0x0000000087800000, 0x0000000087800000| Untracked 
|  29|0x0000000087900000, 0x0000000087900000, 0x0000000087a00000|  0%| F|  |TAMS 0x0000000087900000, 0x0000000087900000| Untracked 
|  30|0x0000000087a00000, 0x0000000087a00000, 0x0000000087b00000|  0%| F|  |TAMS 0x0000000087a00000, 0x0000000087a00000| Untracked 
|  31|0x0000000087b00000, 0x0000000087b00000, 0x0000000087c00000|  0%| F|  |TAMS 0x0000000087b00000, 0x0000000087b00000| Untracked 
|  32|0x0000000087c00000, 0x0000000087c00000, 0x0000000087d00000|  0%| F|  |TAMS 0x0000000087c00000, 0x0000000087c00000| Untracked 
|  33|0x0000000087d00000, 0x0000000087d00000, 0x0000000087e00000|  0%| F|  |TAMS 0x0000000087d00000, 0x0000000087d00000| Untracked 
|  34|0x0000000087e00000, 0x0000000087e00000, 0x0000000087f00000|  0%| F|  |TAMS 0x0000000087e00000, 0x0000000087e00000| Untracked 
|  35|0x0000000087f00000, 0x0000000087f00000, 0x0000000088000000|  0%| F|  |TAMS 0x0000000087f00000, 0x0000000087f00000| Untracked 
|  36|0x0000000088000000, 0x0000000088000000, 0x0000000088100000|  0%| F|  |TAMS 0x0000000088000000, 0x0000000088000000| Untracked 
|  37|0x0000000088100000, 0x0000000088100000, 0x0000000088200000|  0%| F|  |TAMS 0x0000000088100000, 0x0000000088100000| Untracked 
|  38|0x0000000088200000, 0x0000000088200000, 0x0000000088300000|  0%| F|  |TAMS 0x0000000088200000, 0x0000000088200000| Untracked 
|  39|0x0000000088300000, 0x0000000088300000, 0x0000000088400000|  0%| F|  |TAMS 0x0000000088300000, 0x0000000088300000| Untracked 
|  40|0x0000000088400000, 0x0000000088400000, 0x0000000088500000|  0%| F|  |TAMS 0x0000000088400000, 0x0000000088400000| Untracked 
|  41|0x0000000088500000, 0x0000000088500000, 0x0000000088600000|  0%| F|  |TAMS 0x0000000088500000, 0x0000000088500000| Untracked 
|  42|0x0000000088600000, 0x0000000088600000, 0x0000000088700000|  0%| F|  |TAMS 0x0000000088600000, 0x0000000088600000| Untracked 
|  43|0x0000000088700000, 0x0000000088700000, 0x0000000088800000|  0%| F|  |TAMS 0x0000000088700000, 0x0000000088700000| Untracked 
|  44|0x0000000088800000, 0x0000000088800000, 0x0000000088900000|  0%| F|  |TAMS 0x0000000088800000, 0x0000000088800000| Untracked 
|  45|0x0000000088900000, 0x0000000088900000, 0x0000000088a00000|  0%| F|  |TAMS 0x0000000088900000, 0x0000000088900000| Untracked 
|  46|0x0000000088a00000, 0x0000000088a00000, 0x0000000088b00000|  0%| F|  |TAMS 0x0000000088a00000, 0x0000000088a00000| Untracked 
|  47|0x0000000088b00000, 0x0000000088b00000, 0x0000000088c00000|  0%| F|  |TAMS 0x0000000088b00000, 0x0000000088b00000| Untracked 
|  48|0x0000000088c00000, 0x0000000088c00000, 0x0000000088d00000|  0%| F|  |TAMS 0x0000000088c00000, 0x0000000088c00000| Untracked 
|  49|0x0000000088d00000, 0x0000000088d00000, 0x0000000088e00000|  0%| F|  |TAMS 0x0000000088d00000, 0x0000000088d00000| Untracked 
|  50|0x0000000088e00000, 0x0000000088e00000, 0x0000000088f00000|  0%| F|  |TAMS 0x0000000088e00000, 0x0000000088e00000| Untracked 
|  51|0x0000000088f00000, 0x0000000088f00000, 0x0000000089000000|  0%| F|  |TAMS 0x0000000088f00000, 0x0000000088f00000| Untracked 
|  52|0x0000000089000000, 0x0000000089000000, 0x0000000089100000|  0%| F|  |TAMS 0x0000000089000000, 0x0000000089000000| Untracked 
|  53|0x0000000089100000, 0x0000000089100000, 0x0000000089200000|  0%| F|  |TAMS 0x0000000089100000, 0x0000000089100000| Untracked 
|  54|0x0000000089200000, 0x0000000089200000, 0x0000000089300000|  0%| F|  |TAMS 0x0000000089200000, 0x0000000089200000| Untracked 
|  55|0x0000000089300000, 0x0000000089300000, 0x0000000089400000|  0%| F|  |TAMS 0x0000000089300000, 0x0000000089300000| Untracked 
|  56|0x0000000089400000, 0x0000000089400000, 0x0000000089500000|  0%| F|  |TAMS 0x0000000089400000, 0x0000000089400000| Untracked 
|  57|0x0000000089500000, 0x0000000089500000, 0x0000000089600000|  0%| F|  |TAMS 0x0000000089500000, 0x0000000089500000| Untracked 
|  58|0x0000000089600000, 0x0000000089600000, 0x0000000089700000|  0%| F|  |TAMS 0x0000000089600000, 0x0000000089600000| Untracked 
|  59|0x0000000089700000, 0x0000000089700000, 0x0000000089800000|  0%| F|  |TAMS 0x0000000089700000, 0x0000000089700000| Untracked 
|  60|0x0000000089800000, 0x0000000089800000, 0x0000000089900000|  0%| F|  |TAMS 0x0000000089800000, 0x0000000089800000| Untracked 
|  61|0x0000000089900000, 0x0000000089900000, 0x0000000089a00000|  0%| F|  |TAMS 0x0000000089900000, 0x0000000089900000| Untracked 
|  62|0x0000000089a00000, 0x0000000089a00000, 0x0000000089b00000|  0%| F|  |TAMS 0x0000000089a00000, 0x0000000089a00000| Untracked 
|  63|0x0000000089b00000, 0x0000000089b00000, 0x0000000089c00000|  0%| F|  |TAMS 0x0000000089b00000, 0x0000000089b00000| Untracked 
|  64|0x0000000089c00000, 0x0000000089c00000, 0x0000000089d00000|  0%| F|  |TAMS 0x0000000089c00000, 0x0000000089c00000| Untracked 
|  65|0x0000000089d00000, 0x0000000089d00000, 0x0000000089e00000|  0%| F|  |TAMS 0x0000000089d00000, 0x0000000089d00000| Untracked 
|  66|0x0000000089e00000, 0x0000000089e00000, 0x0000000089f00000|  0%| F|  |TAMS 0x0000000089e00000, 0x0000000089e00000| Untracked 
|  67|0x0000000089f00000, 0x0000000089f00000, 0x000000008a000000|  0%| F|  |TAMS 0x0000000089f00000, 0x0000000089f00000| Untracked 
|  68|0x000000008a000000, 0x000000008a000000, 0x000000008a100000|  0%| F|  |TAMS 0x000000008a000000, 0x000000008a000000| Untracked 
|  69|0x000000008a100000, 0x000000008a100000, 0x000000008a200000|  0%| F|  |TAMS 0x000000008a100000, 0x000000008a100000| Untracked 
|  70|0x000000008a200000, 0x000000008a200000, 0x000000008a300000|  0%| F|  |TAMS 0x000000008a200000, 0x000000008a200000| Untracked 
|  71|0x000000008a300000, 0x000000008a300000, 0x000000008a400000|  0%| F|  |TAMS 0x000000008a300000, 0x000000008a300000| Untracked 
|  72|0x000000008a400000, 0x000000008a400000, 0x000000008a500000|  0%| F|  |TAMS 0x000000008a400000, 0x000000008a400000| Untracked 
|  73|0x000000008a500000, 0x000000008a500000, 0x000000008a600000|  0%| F|  |TAMS 0x000000008a500000, 0x000000008a500000| Untracked 
|  74|0x000000008a600000, 0x000000008a600000, 0x000000008a700000|  0%| F|  |TAMS 0x000000008a600000, 0x000000008a600000| Untracked 
|  75|0x000000008a700000, 0x000000008a700000, 0x000000008a800000|  0%| F|  |TAMS 0x000000008a700000, 0x000000008a700000| Untracked 
|  76|0x000000008a800000, 0x000000008a800000, 0x000000008a900000|  0%| F|  |TAMS 0x000000008a800000, 0x000000008a800000| Untracked 
|  77|0x000000008a900000, 0x000000008a900000, 0x000000008aa00000|  0%| F|  |TAMS 0x000000008a900000, 0x000000008a900000| Untracked 
|  78|0x000000008aa00000, 0x000000008aa00000, 0x000000008ab00000|  0%| F|  |TAMS 0x000000008aa00000, 0x000000008aa00000| Untracked 
|  79|0x000000008ab00000, 0x000000008ab00000, 0x000000008ac00000|  0%| F|  |TAMS 0x000000008ab00000, 0x000000008ab00000| Untracked 
|  80|0x000000008ac00000, 0x000000008ac00000, 0x000000008ad00000|  0%| F|  |TAMS 0x000000008ac00000, 0x000000008ac00000| Untracked 
|  81|0x000000008ad00000, 0x000000008ad00000, 0x000000008ae00000|  0%| F|  |TAMS 0x000000008ad00000, 0x000000008ad00000| Untracked 
|  82|0x000000008ae00000, 0x000000008ae00000, 0x000000008af00000|  0%| F|  |TAMS 0x000000008ae00000, 0x000000008ae00000| Untracked 
|  83|0x000000008af00000, 0x000000008af00000, 0x000000008b000000|  0%| F|  |TAMS 0x000000008af00000, 0x000000008af00000| Untracked 
|  84|0x000000008b000000, 0x000000008b000000, 0x000000008b100000|  0%| F|  |TAMS 0x000000008b000000, 0x000000008b000000| Untracked 
|  85|0x000000008b100000, 0x000000008b100000, 0x000000008b200000|  0%| F|  |TAMS 0x000000008b100000, 0x000000008b100000| Untracked 
|  86|0x000000008b200000, 0x000000008b200000, 0x000000008b300000|  0%| F|  |TAMS 0x000000008b200000, 0x000000008b200000| Untracked 
|  87|0x000000008b300000, 0x000000008b300000, 0x000000008b400000|  0%| F|  |TAMS 0x000000008b300000, 0x000000008b300000| Untracked 
|  88|0x000000008b400000, 0x000000008b400000, 0x000000008b500000|  0%| F|  |TAMS 0x000000008b400000, 0x000000008b400000| Untracked 
|  89|0x000000008b500000, 0x000000008b500000, 0x000000008b600000|  0%| F|  |TAMS 0x000000008b500000, 0x000000008b500000| Untracked 
|  90|0x000000008b600000, 0x000000008b600000, 0x000000008b700000|  0%| F|  |TAMS 0x000000008b600000, 0x000000008b600000| Untracked 
|  91|0x000000008b700000, 0x000000008b700000, 0x000000008b800000|  0%| F|  |TAMS 0x000000008b700000, 0x000000008b700000| Untracked 
|  92|0x000000008b800000, 0x000000008b800000, 0x000000008b900000|  0%| F|  |TAMS 0x000000008b800000, 0x000000008b800000| Untracked 
|  93|0x000000008b900000, 0x000000008b900000, 0x000000008ba00000|  0%| F|  |TAMS 0x000000008b900000, 0x000000008b900000| Untracked 
|  94|0x000000008ba00000, 0x000000008ba00000, 0x000000008bb00000|  0%| F|  |TAMS 0x000000008ba00000, 0x000000008ba00000| Untracked 
|  95|0x000000008bb00000, 0x000000008bb00000, 0x000000008bc00000|  0%| F|  |TAMS 0x000000008bb00000, 0x000000008bb00000| Untracked 
|  96|0x000000008bc00000, 0x000000008bc00000, 0x000000008bd00000|  0%| F|  |TAMS 0x000000008bc00000, 0x000000008bc00000| Untracked 
|  97|0x000000008bd00000, 0x000000008bd00000, 0x000000008be00000|  0%| F|  |TAMS 0x000000008bd00000, 0x000000008bd00000| Untracked 
|  98|0x000000008be00000, 0x000000008be00000, 0x000000008bf00000|  0%| F|  |TAMS 0x000000008be00000, 0x000000008be00000| Untracked 
|  99|0x000000008bf00000, 0x000000008bf00000, 0x000000008c000000|  0%| F|  |TAMS 0x000000008bf00000, 0x000000008bf00000| Untracked 
| 100|0x000000008c000000, 0x000000008c000000, 0x000000008c100000|  0%| F|  |TAMS 0x000000008c000000, 0x000000008c000000| Untracked 
| 101|0x000000008c100000, 0x000000008c100000, 0x000000008c200000|  0%| F|  |TAMS 0x000000008c100000, 0x000000008c100000| Untracked 
| 102|0x000000008c200000, 0x000000008c200000, 0x000000008c300000|  0%| F|  |TAMS 0x000000008c200000, 0x000000008c200000| Untracked 
| 103|0x000000008c300000, 0x000000008c300000, 0x000000008c400000|  0%| F|  |TAMS 0x000000008c300000, 0x000000008c300000| Untracked 
| 104|0x000000008c400000, 0x000000008c400000, 0x000000008c500000|  0%| F|  |TAMS 0x000000008c400000, 0x000000008c400000| Untracked 
| 105|0x000000008c500000, 0x000000008c500000, 0x000000008c600000|  0%| F|  |TAMS 0x000000008c500000, 0x000000008c500000| Untracked 
| 106|0x000000008c600000, 0x000000008c600000, 0x000000008c700000|  0%| F|  |TAMS 0x000000008c600000, 0x000000008c600000| Untracked 
| 107|0x000000008c700000, 0x000000008c700000, 0x000000008c800000|  0%| F|  |TAMS 0x000000008c700000, 0x000000008c700000| Untracked 
| 108|0x000000008c800000, 0x000000008c800000, 0x000000008c900000|  0%| F|  |TAMS 0x000000008c800000, 0x000000008c800000| Untracked 
| 109|0x000000008c900000, 0x000000008c900000, 0x000000008ca00000|  0%| F|  |TAMS 0x000000008c900000, 0x000000008c900000| Untracked 
| 110|0x000000008ca00000, 0x000000008ca00000, 0x000000008cb00000|  0%| F|  |TAMS 0x000000008ca00000, 0x000000008ca00000| Untracked 
| 111|0x000000008cb00000, 0x000000008cb00000, 0x000000008cc00000|  0%| F|  |TAMS 0x000000008cb00000, 0x000000008cb00000| Untracked 
| 112|0x000000008cc00000, 0x000000008cc00000, 0x000000008cd00000|  0%| F|  |TAMS 0x000000008cc00000, 0x000000008cc00000| Untracked 
| 113|0x000000008cd00000, 0x000000008cd00000, 0x000000008ce00000|  0%| F|  |TAMS 0x000000008cd00000, 0x000000008cd00000| Untracked 
| 114|0x000000008ce00000, 0x000000008ce00000, 0x000000008cf00000|  0%| F|  |TAMS 0x000000008ce00000, 0x000000008ce00000| Untracked 
| 115|0x000000008cf00000, 0x000000008cf00000, 0x000000008d000000|  0%| F|  |TAMS 0x000000008cf00000, 0x000000008cf00000| Untracked 
| 116|0x000000008d000000, 0x000000008d076720, 0x000000008d100000| 46%| E|  |TAMS 0x000000008d000000, 0x000000008d000000| Complete 
| 117|0x000000008d100000, 0x000000008d200000, 0x000000008d200000|100%| E|CS|TAMS 0x000000008d100000, 0x000000008d100000| Complete 
| 118|0x000000008d200000, 0x000000008d300000, 0x000000008d300000|100%| E|  |TAMS 0x000000008d200000, 0x000000008d200000| Complete 
| 119|0x000000008d300000, 0x000000008d400000, 0x000000008d400000|100%| E|CS|TAMS 0x000000008d300000, 0x000000008d300000| Complete 
| 120|0x000000008d400000, 0x000000008d500000, 0x000000008d500000|100%| E|CS|TAMS 0x000000008d400000, 0x000000008d400000| Complete 
| 121|0x000000008d500000, 0x000000008d600000, 0x000000008d600000|100%| E|CS|TAMS 0x000000008d500000, 0x000000008d500000| Complete 
| 122|0x000000008d600000, 0x000000008d700000, 0x000000008d700000|100%| E|CS|TAMS 0x000000008d600000, 0x000000008d600000| Complete 
| 123|0x000000008d700000, 0x000000008d800000, 0x000000008d800000|100%| E|CS|TAMS 0x000000008d700000, 0x000000008d700000| Complete 

Card table byte_map: [0x00000222a0da0000,0x00000222a1180000] _byte_map_base: 0x00000222a0972000

Marking Bits (Prev, Next): (CMBitMap*) 0x000002228df6aef0, (CMBitMap*) 0x000002228df6af30
 Prev Bits: [0x00000222a1560000, 0x00000222a33f0000)
 Next Bits: [0x00000222a33f0000, 0x00000222a5280000)

Polling page: 0x000002228bee0000

Metaspace:

Usage:
  Non-class:     10.87 MB used.
      Class:      1.18 MB used.
       Both:     12.04 MB used.

Virtual space:
  Non-class space:       64.00 MB reserved,      10.94 MB ( 17%) committed,  1 nodes.
      Class space:        1.00 GB reserved,       1.25 MB ( <1%) committed,  1 nodes.
             Both:        1.06 GB reserved,      12.19 MB (  1%) committed. 

Chunk freelists:
   Non-Class:  4.80 MB
       Class:  14.69 MB
        Both:  19.49 MB

MaxMetaspaceSize: unlimited
CompressedClassSpaceSize: 1.00 GB
Initial GC threshold: 21.00 MB
Current GC threshold: 21.00 MB
CDS: off
MetaspaceReclaimPolicy: balanced
 - commit_granule_bytes: 65536.
 - commit_granule_words: 8192.
 - virtual_space_node_default_size: 8388608.
 - enlarge_chunks_in_place: 1.
 - new_chunks_are_fully_committed: 0.
 - uncommit_free_chunks: 1.
 - use_allocation_guard: 0.
 - handle_deallocations: 1.


Internal statistics:

num_allocs_failed_limit: 0.
num_arena_births: 58.
num_arena_deaths: 0.
num_vsnodes_births: 2.
num_vsnodes_deaths: 0.
num_space_committed: 196.
num_space_uncommitted: 0.
num_chunks_returned_to_freelist: 0.
num_chunks_taken_from_freelist: 123.
num_chunk_merges: 0.
num_chunk_splits: 71.
num_chunks_enlarged: 40.
num_inconsistent_stats: 0.

CodeHeap 'non-profiled nmethods': size=120000Kb used=177Kb max_used=177Kb free=119822Kb
 bounds [0x0000022299160000, 0x00000222993d0000, 0x00000222a0690000]
CodeHeap 'profiled nmethods': size=120000Kb used=1032Kb max_used=1032Kb free=118967Kb
 bounds [0x0000022291690000, 0x0000022291900000, 0x0000022298bc0000]
CodeHeap 'non-nmethods': size=5760Kb used=1174Kb max_used=1178Kb free=4585Kb
 bounds [0x0000022298bc0000, 0x0000022298e30000, 0x0000022299160000]
 total_blobs=1120 nmethods=665 adapters=368
 compilation: enabled
              stopped_count=0, restarted_count=0
 full_count=0

Compilation events (20 events):
Event: 0.783 Thread 0x00000222ac052f70  605       3       java.lang.String::valueOf (15 bytes)
Event: 0.784 Thread 0x00000222ac052f70 nmethod 605 0x000002229177a290 code [0x000002229177a440, 0x000002229177a648]
Event: 0.784 Thread 0x00000222ac052f70  607       3       java.security.Provider$UString::hashCode (8 bytes)
Event: 0.784 Thread 0x00000222ac052f70 nmethod 607 0x000002229177a710 code [0x000002229177a8c0, 0x000002229177aa08]
Event: 0.784 Thread 0x00000222ac052f70  608       1       java.net.URL::getProtocol (5 bytes)
Event: 0.784 Thread 0x00000222ac052f70 nmethod 608 0x000002229918a110 code [0x000002229918a2a0, 0x000002229918a378]
Event: 0.784 Thread 0x00000222ac052f70  610       1       java.nio.Buffer::capacity (5 bytes)
Event: 0.784 Thread 0x00000222ac052f70 nmethod 610 0x000002229918a410 code [0x000002229918a5a0, 0x000002229918a678]
Event: 0.784 Thread 0x00000222ac052f70  611       3       java.nio.Buffer::<init> (105 bytes)
Event: 0.785 Thread 0x00000222ac052f70 nmethod 611 0x000002229177ab10 code [0x000002229177adc0, 0x000002229177b918]
Event: 0.785 Thread 0x00000222ac052f70  612       3       java.lang.StringBuilder::append (9 bytes)
Event: 0.785 Thread 0x00000222ac052f70 nmethod 612 0x000002229177bd10 code [0x000002229177bee0, 0x000002229177c218]
Event: 0.786 Thread 0x00000222ac052f70  613       3       java.lang.invoke.TypeConvertingMethodAdapter::descriptorToName (36 bytes)
Event: 0.786 Thread 0x00000222ac052f70 nmethod 613 0x000002229177c390 code [0x000002229177c620, 0x000002229177d1c8]
Event: 0.788 Thread 0x00000222ac052f70  617       3       jdk.internal.ref.CleanerImpl::getCleanerImpl (13 bytes)
Event: 0.789 Thread 0x00000222ac052f70 nmethod 617 0x000002229177d690 code [0x000002229177d840, 0x000002229177dae8]
Event: 0.789 Thread 0x00000222ac052f70  621       3       java.lang.invoke.LambdaForm$Name::<init> (54 bytes)
Event: 0.789 Thread 0x00000222ac052f70 nmethod 621 0x000002229177dc10 code [0x000002229177ddc0, 0x000002229177e078]
Event: 0.789 Thread 0x00000222ac052f70  618       3       java.lang.ref.Cleaner$1::apply (9 bytes)
Event: 0.789 Thread 0x00000222ac052f70 nmethod 618 0x000002229177e110 code [0x000002229177e2c0, 0x000002229177e538]

GC Heap History (0 events):
No events

Dll operation events (1 events):
Event: 0.011 Loaded shared library C:\Users\DCS_Bouagga\AppData\Local\Programs\WebStorm\jbr\bin\java.dll

Deoptimization events (6 events):
Event: 0.579 Thread 0x000002228df161a0 DEOPT PACKING pc=0x00000222916c352d sp=0x0000006739afdb30
Event: 0.579 Thread 0x000002228df161a0 DEOPT UNPACKING pc=0x0000022298c1ace3 sp=0x0000006739afcfc8 mode 0
Event: 0.702 Thread 0x000002228df161a0 Uncommon trap: trap_request=0xffffff45 fr.pc=0x000002229917f0f4 relative=0x0000000000000074
Event: 0.702 Thread 0x000002228df161a0 Uncommon trap: reason=unstable_if action=reinterpret pc=0x000002229917f0f4 method=jdk.internal.misc.Unsafe.convEndian(ZI)I @ 4 c2
Event: 0.702 Thread 0x000002228df161a0 DEOPT PACKING pc=0x000002229917f0f4 sp=0x0000006739afa6b0
Event: 0.702 Thread 0x000002228df161a0 DEOPT UNPACKING pc=0x0000022298c1a1a3 sp=0x0000006739afa5e0 mode 2

Classes unloaded (0 events):
No events

Classes redefined (0 events):
No events

Internal exceptions (16 events):
Event: 0.259 Thread 0x000002228df161a0 Exception <a 'sun/nio/fs/WindowsException'{0x000000008d58da40}> (0x000000008d58da40) 
thrown [s\src\hotspot\share\prims\jni.cpp, line 517]
Event: 0.286 Thread 0x000002228df161a0 Exception <a 'java/lang/NoSuchMethodError'{0x000000008d5b9610}: 'int java.lang.invoke.DirectMethodHandle$Holder.invokeStaticInit(java.lang.Object, java.lang.Object, java.lang.Object, java.lang.Object)'> (0x000000008d5b9610) 
thrown [s\src\hotspot\share\interpreter\linkResolver.cpp, line 771]
Event: 0.288 Thread 0x000002228df161a0 Exception <a 'java/lang/NoSuchMethodError'{0x000000008d5c4270}: 'java.lang.Object java.lang.invoke.DirectMethodHandle$Holder.invokeInterface(java.lang.Object, java.lang.Object)'> (0x000000008d5c4270) 
thrown [s\src\hotspot\share\interpreter\linkResolver.cpp, line 771]
Event: 0.288 Thread 0x000002228df161a0 Exception <a 'java/lang/IncompatibleClassChangeError'{0x000000008d5c7b90}: Found class java.lang.Object, but interface was expected> (0x000000008d5c7b90) 
thrown [s\src\hotspot\share\interpreter\linkResolver.cpp, line 838]
Event: 0.289 Thread 0x000002228df161a0 Exception <a 'java/lang/NoSuchMethodError'{0x000000008d5caf40}: 'void java.lang.invoke.DirectMethodHandle$Holder.invokeStatic(java.lang.Object, java.lang.Object)'> (0x000000008d5caf40) 
thrown [s\src\hotspot\share\interpreter\linkResolver.cpp, line 771]
Event: 0.289 Thread 0x000002228df161a0 Exception <a 'java/lang/NoSuchMethodError'{0x000000008d5ce858}: 'void java.lang.invoke.DirectMethodHandle$Holder.invokeStaticInit(java.lang.Object, java.lang.Object)'> (0x000000008d5ce858) 
thrown [s\src\hotspot\share\interpreter\linkResolver.cpp, line 771]
Event: 0.291 Thread 0x000002228df161a0 Exception <a 'java/lang/NoSuchMethodError'{0x000000008d5d5150}: 'int java.lang.invoke.DirectMethodHandle$Holder.invokeStaticInit(java.lang.Object, java.lang.Object)'> (0x000000008d5d5150) 
thrown [s\src\hotspot\share\interpreter\linkResolver.cpp, line 771]
Event: 0.330 Thread 0x000002228df161a0 Exception <a 'java/lang/NoSuchMethodError'{0x000000008d4bc468}: 'java.lang.Object java.lang.invoke.DirectMethodHandle$Holder.invokeStaticInit(java.lang.Object, int, int, int, int)'> (0x000000008d4bc468) 
thrown [s\src\hotspot\share\interpreter\linkResolver.cpp, line 771]
Event: 0.699 Thread 0x000002228df161a0 Exception <a 'java/lang/NoSuchMethodError'{0x000000008d3a2620}: 'java.lang.Object java.lang.invoke.DirectMethodHandle$Holder.invokeStaticInit(java.lang.Object, java.lang.Object, int, int, int, int)'> (0x000000008d3a2620) 
thrown [s\src\hotspot\share\interpreter\linkResolver.cpp, line 771]
Event: 0.709 Thread 0x000002228df161a0 Exception <a 'java/lang/NoSuchMethodError'{0x000000008d3fdb20}: 'java.lang.Object java.lang.invoke.DirectMethodHandle$Holder.invokeStatic(java.lang.Object, java.lang.Object, int)'> (0x000000008d3fdb20) 
thrown [s\src\hotspot\share\interpreter\linkResolver.cpp, line 771]
Event: 0.710 Thread 0x000002228df161a0 Exception <a 'java/lang/NoSuchMethodError'{0x000000008d20f9d0}: 'java.lang.Object java.lang.invoke.DirectMethodHandle$Holder.invokeStaticInit(java.lang.Object, java.lang.Object, int)'> (0x000000008d20f9d0) 
thrown [s\src\hotspot\share\interpreter\linkResolver.cpp, line 771]
Event: 0.711 Thread 0x000002228df161a0 Exception <a 'java/lang/NoSuchMethodError'{0x000000008d215d80}: 'java.lang.Object java.lang.invoke.DirectMethodHandle$Holder.newInvokeSpecial(java.lang.Object, java.lang.Object, int)'> (0x000000008d215d80) 
thrown [s\src\hotspot\share\interpreter\linkResolver.cpp, line 771]
Event: 0.715 Thread 0x000002228df161a0 Exception <a 'java/lang/NoSuchMethodError'{0x000000008d225688}: 'int java.lang.invoke.DirectMethodHandle$Holder.invokeStaticInit(java.lang.Object, java.lang.Object, java.lang.Object)'> (0x000000008d225688) 
thrown [s\src\hotspot\share\interpreter\linkResolver.cpp, line 771]
Event: 0.717 Thread 0x000002228df161a0 Exception <a 'java/lang/NoSuchMethodError'{0x000000008d235868}: 'int java.lang.invoke.DirectMethodHandle$Holder.invokeSpecial(java.lang.Object, java.lang.Object, java.lang.Object)'> (0x000000008d235868) 
thrown [s\src\hotspot\share\interpreter\linkResolver.cpp, line 771]
Event: 0.718 Thread 0x000002228df161a0 Exception <a 'java/lang/NoSuchMethodError'{0x000000008d23dc48}: 'int java.lang.invoke.DirectMethodHandle$Holder.invokeSpecialIFC(java.lang.Object, java.lang.Object, java.lang.Object)'> (0x000000008d23dc48) 
thrown [s\src\hotspot\share\interpreter\linkResolver.cpp, line 771]
Event: 0.754 Thread 0x000002228df161a0 Exception <a 'java/lang/NoSuchMethodError'{0x000000008d2ca038}: 'java.lang.Object java.lang.invoke.DirectMethodHandle$Holder.invokeStaticInit(java.lang.Object)'> (0x000000008d2ca038) 
thrown [s\src\hotspot\share\interpreter\linkResolver.cpp, line 771]

VM Operations (8 events):
Event: 0.145 Executing VM operation: HandshakeAllThreads
Event: 0.145 Executing VM operation: HandshakeAllThreads done
Event: 0.164 Executing VM operation: HandshakeAllThreads
Event: 0.164 Executing VM operation: HandshakeAllThreads done
Event: 0.378 Executing VM operation: HandshakeAllThreads
Event: 0.378 Executing VM operation: HandshakeAllThreads done
Event: 0.757 Executing VM operation: HandshakeAllThreads
Event: 0.758 Executing VM operation: HandshakeAllThreads done

Events (20 events):
Event: 0.786 loading class com/sun/security/sasl/Provider done
Event: 0.786 loading class com/sun/security/sasl/Provider$1
Event: 0.786 loading class com/sun/security/sasl/Provider$1 done
Event: 0.786 loading class com/sun/security/sasl/Provider$ProviderService
Event: 0.786 loading class com/sun/security/sasl/Provider$ProviderService done
Event: 0.787 loading class sun/security/ssl/PredefinedDHParameterSpecs
Event: 0.787 loading class sun/security/ssl/PredefinedDHParameterSpecs done
Event: 0.789 loading class java/util/regex/Pattern$Ques
Event: 0.789 loading class java/util/regex/Pattern$Ques done
Event: 0.789 loading class java/util/regex/Pattern$Loop
Event: 0.789 loading class java/util/regex/Pattern$Loop done
Event: 0.789 loading class java/util/regex/Pattern$Prolog
Event: 0.789 loading class java/util/regex/Pattern$Prolog done
Event: 0.789 loading class sun/security/ssl/PredefinedDHParameterSpecs$1
Event: 0.789 loading class sun/security/ssl/PredefinedDHParameterSpecs$1 done
Event: 0.789 loading class sun/security/util/SafeDHParameterSpec
Event: 0.789 loading class javax/crypto/spec/DHParameterSpec
Event: 0.789 loading class javax/crypto/spec/DHParameterSpec done
Event: 0.789 loading class sun/security/util/SafeDHParameterSpec done
Event: 0.790 loading class com/sun/crypto/provider/DHParameters


Dynamic libraries:
0x00007ff7c5ec0000 - 0x00007ff7c5eca000 	C:\Users\DCS_Bouagga\AppData\Local\Programs\WebStorm\jbr\bin\java.exe
0x00007ffac75f0000 - 0x00007ffac77e8000 	C:\WINDOWS\SYSTEM32\ntdll.dll
0x00007ffac60d0000 - 0x00007ffac6192000 	C:\WINDOWS\System32\KERNEL32.DLL
0x00007ffac4f30000 - 0x00007ffac5226000 	C:\WINDOWS\System32\KERNELBASE.dll
0x00007ffac4d00000 - 0x00007ffac4e00000 	C:\WINDOWS\System32\ucrtbase.dll
0x00007ffaa58f0000 - 0x00007ffaa5907000 	C:\Users\DCS_Bouagga\AppData\Local\Programs\WebStorm\jbr\bin\jli.dll
0x00007ffa95fe0000 - 0x00007ffa95ffb000 	C:\Users\DCS_Bouagga\AppData\Local\Programs\WebStorm\jbr\bin\VCRUNTIME140.dll
0x00007ffac6ca0000 - 0x00007ffac6e3d000 	C:\WINDOWS\System32\USER32.dll
0x00007ffac5230000 - 0x00007ffac5252000 	C:\WINDOWS\System32\win32u.dll
0x00007ffac58c0000 - 0x00007ffac58eb000 	C:\WINDOWS\System32\GDI32.dll
0x00007ffaa5d30000 - 0x00007ffaa5fca000 	C:\WINDOWS\WinSxS\amd64_microsoft.windows.common-controls_6595b64144ccf1df_6.0.19041.4355_none_60b8b9eb71f62e16\COMCTL32.dll
0x00007ffac5290000 - 0x00007ffac53aa000 	C:\WINDOWS\System32\gdi32full.dll
0x00007ffac4e00000 - 0x00007ffac4e9d000 	C:\WINDOWS\System32\msvcp_win.dll
0x00007ffac6660000 - 0x00007ffac66fe000 	C:\WINDOWS\System32\msvcrt.dll
0x00007ffac5610000 - 0x00007ffac563f000 	C:\WINDOWS\System32\IMM32.DLL
0x00007ffab70a0000 - 0x00007ffab70ac000 	C:\Users\DCS_Bouagga\AppData\Local\Programs\WebStorm\jbr\bin\vcruntime140_1.dll
0x00007ffa1e460000 - 0x00007ffa1e4ed000 	C:\Users\DCS_Bouagga\AppData\Local\Programs\WebStorm\jbr\bin\msvcp140.dll
0x00007ffa254e0000 - 0x00007ffa26163000 	C:\Users\DCS_Bouagga\AppData\Local\Programs\WebStorm\jbr\bin\server\jvm.dll
0x00007ffac5800000 - 0x00007ffac58af000 	C:\WINDOWS\System32\ADVAPI32.dll
0x00007ffac5d80000 - 0x00007ffac5e1f000 	C:\WINDOWS\System32\sechost.dll
0x00007ffac61a0000 - 0x00007ffac62c3000 	C:\WINDOWS\System32\RPCRT4.dll
0x00007ffac5260000 - 0x00007ffac5287000 	C:\WINDOWS\System32\bcrypt.dll
0x00007ffac4170000 - 0x00007ffac41bb000 	C:\WINDOWS\SYSTEM32\POWRPROF.dll
0x00007ffabd050000 - 0x00007ffabd059000 	C:\WINDOWS\SYSTEM32\WSOCK32.dll
0x00007ffac3870000 - 0x00007ffac387a000 	C:\WINDOWS\SYSTEM32\VERSION.dll
0x00007ffab3c80000 - 0x00007ffab3ca7000 	C:\WINDOWS\SYSTEM32\WINMM.dll
0x00007ffac5eb0000 - 0x00007ffac5f1b000 	C:\WINDOWS\System32\WS2_32.dll
0x00007ffac4040000 - 0x00007ffac4052000 	C:\WINDOWS\SYSTEM32\UMPDC.dll
0x00007ffac37d0000 - 0x00007ffac37e2000 	C:\WINDOWS\SYSTEM32\kernel.appcore.dll
0x00007ffabd220000 - 0x00007ffabd22a000 	C:\Users\DCS_Bouagga\AppData\Local\Programs\WebStorm\jbr\bin\jimage.dll
0x00007ffac22e0000 - 0x00007ffac24c4000 	C:\WINDOWS\SYSTEM32\DBGHELP.DLL
0x00007ffab93b0000 - 0x00007ffab93e4000 	C:\WINDOWS\SYSTEM32\dbgcore.DLL
0x00007ffac4ea0000 - 0x00007ffac4f22000 	C:\WINDOWS\System32\bcryptPrimitives.dll
0x00007ffaab3e0000 - 0x00007ffaab405000 	C:\Users\DCS_Bouagga\AppData\Local\Programs\WebStorm\jbr\bin\java.dll
0x00007ffabd1e0000 - 0x00007ffabd1f8000 	C:\Users\DCS_Bouagga\AppData\Local\Programs\WebStorm\jbr\bin\zip.dll
0x00007ffac6e40000 - 0x00007ffac75af000 	C:\WINDOWS\System32\SHELL32.dll
0x00007ffac2720000 - 0x00007ffac2ec3000 	C:\WINDOWS\SYSTEM32\windows.storage.dll
0x00007ffac5a10000 - 0x00007ffac5d65000 	C:\WINDOWS\System32\combase.dll
0x00007ffac45d0000 - 0x00007ffac45fb000 	C:\WINDOWS\SYSTEM32\Wldp.dll
0x00007ffac6590000 - 0x00007ffac665d000 	C:\WINDOWS\System32\OLEAUT32.dll
0x00007ffac6be0000 - 0x00007ffac6c8d000 	C:\WINDOWS\System32\SHCORE.dll
0x00007ffac5f20000 - 0x00007ffac5f75000 	C:\WINDOWS\System32\shlwapi.dll
0x00007ffac4bb0000 - 0x00007ffac4bd5000 	C:\WINDOWS\SYSTEM32\profapi.dll
0x00007ffaab680000 - 0x00007ffaab699000 	C:\Users\DCS_Bouagga\AppData\Local\Programs\WebStorm\jbr\bin\net.dll
0x00007ffac3c00000 - 0x00007ffac3d0a000 	C:\WINDOWS\SYSTEM32\WINHTTP.dll
0x00007ffac43b0000 - 0x00007ffac441c000 	C:\WINDOWS\system32\mswsock.dll
0x00007ffaa85e0000 - 0x00007ffaa85f6000 	C:\Users\DCS_Bouagga\AppData\Local\Programs\WebStorm\jbr\bin\nio.dll
0x00007ffac4610000 - 0x00007ffac4628000 	C:\WINDOWS\SYSTEM32\CRYPTSP.dll
0x00007ffac3b70000 - 0x00007ffac3ba8000 	C:\WINDOWS\system32\rsaenh.dll
0x00007ffac4b70000 - 0x00007ffac4b9e000 	C:\WINDOWS\SYSTEM32\USERENV.dll
0x00007ffac4540000 - 0x00007ffac454c000 	C:\WINDOWS\SYSTEM32\CRYPTBASE.dll
0x00007ffac4060000 - 0x00007ffac409b000 	C:\WINDOWS\SYSTEM32\IPHLPAPI.DLL
0x00007ffac6c90000 - 0x00007ffac6c98000 	C:\WINDOWS\System32\NSI.dll
0x00007ffabd3b0000 - 0x00007ffabd3c7000 	C:\WINDOWS\SYSTEM32\dhcpcsvc6.DLL
0x00007ffabd6d0000 - 0x00007ffabd6ed000 	C:\WINDOWS\SYSTEM32\dhcpcsvc.DLL
0x00007ffac40a0000 - 0x00007ffac416a000 	C:\WINDOWS\SYSTEM32\DNSAPI.dll
0x00007ffaba080000 - 0x00007ffaba08e000 	C:\Users\DCS_Bouagga\AppData\Local\Programs\WebStorm\jbr\bin\sunmscapi.dll
0x00007ffac53b0000 - 0x00007ffac550d000 	C:\WINDOWS\System32\CRYPT32.dll
0x00007ffac4720000 - 0x00007ffac4747000 	C:\WINDOWS\SYSTEM32\ncrypt.dll
0x00007ffac46e0000 - 0x00007ffac471b000 	C:\WINDOWS\SYSTEM32\NTASN1.dll

dbghelp: loaded successfully - version: 4.0.5 - missing functions: none
symbol engine: initialized successfully - sym options: 0x614 - pdb path: .;C:\Users\DCS_Bouagga\AppData\Local\Programs\WebStorm\jbr\bin;C:\WINDOWS\SYSTEM32;C:\WINDOWS\WinSxS\amd64_microsoft.windows.common-controls_6595b64144ccf1df_6.0.19041.4355_none_60b8b9eb71f62e16;C:\Users\DCS_Bouagga\AppData\Local\Programs\WebStorm\jbr\bin\server

VM Arguments:
java_command: git4idea.http.GitAskPassApp Username for 'https://github.com': 
java_class_path (initial): C:/Users/DCS_Bouagga/AppData/Local/Programs/WebStorm/plugins/vcs-git/lib/git4idea-rt.jar;C:/Users/DCS_Bouagga/AppData/Local/Programs/WebStorm/lib/externalProcess-rt.jar
Launcher Type: SUN_STANDARD

[Global flags]
     intx CICompilerCount                          = 4                                         {product} {ergonomic}
     uint ConcGCThreads                            = 2                                         {product} {ergonomic}
     uint G1ConcRefinementThreads                  = 8                                         {product} {ergonomic}
   size_t G1HeapRegionSize                         = 1048576                                   {product} {ergonomic}
    uintx GCDrainStackTargetSize                   = 64                                        {product} {ergonomic}
   size_t InitialHeapSize                          = 130023424                                 {product} {ergonomic}
   size_t MarkStackSize                            = 4194304                                   {product} {ergonomic}
   size_t MaxHeapSize                              = 2051014656                                {product} {ergonomic}
   size_t MaxNewSize                               = 1229979648                                {product} {ergonomic}
   size_t MinHeapDeltaBytes                        = 1048576                                   {product} {ergonomic}
   size_t MinHeapSize                              = 8388608                                   {product} {ergonomic}
    uintx NonNMethodCodeHeapSize                   = 5839372                                {pd product} {ergonomic}
    uintx NonProfiledCodeHeapSize                  = 122909434                              {pd product} {ergonomic}
    uintx ProfiledCodeHeapSize                     = 122909434                              {pd product} {ergonomic}
    uintx ReservedCodeCacheSize                    = 251658240                              {pd product} {ergonomic}
     bool SegmentedCodeCache                       = true                                      {product} {ergonomic}
   size_t SoftMaxHeapSize                          = 2051014656                             {manageable} {ergonomic}
     bool UseCompressedClassPointers               = true                           {product lp64_product} {ergonomic}
     bool UseCompressedOops                        = true                           {product lp64_product} {ergonomic}
     bool UseG1GC                                  = true                                      {product} {ergonomic}
     bool UseLargePagesIndividualAllocation        = false                                  {pd product} {ergonomic}

Logging:
Log output configuration:
 #0: stdout all=warning uptime,level,tags
 #1: stderr all=off uptime,level,tags

Environment Variables:
PATH=C:/Program Files/Git/mingw64/libexec/git-core;C:/Program Files/Git/mingw64/libexec/git-core;C:\Program Files\Git\mingw64\bin;C:\Program Files\Git\usr\bin;C:\Users\DCS_Bouagga\bin;C:\Python313\Scripts\;C:\Python313\;C:\Python312\Scripts\;C:\Python312\;C:\Python311\Scripts\;C:\Python311\;C:\Program Files (x86)\Common Files\Oracle\Java\javapath;C:\app\product\11.2.0\client_1\bin;C:\WINDOWS\system32;C:\WINDOWS;C:\WINDOWS\System32\Wbem;C:\WINDOWS\System32\WindowsPowerShell\v1.0\;C:\WINDOWS\System32\OpenSSH\;C:\ProgramData\chocolatey\bin;C:\Program Files\PuTTY\;C:\Program Files\dotnet\;C:\Program Files (x86)\Pulse Secure\VC142.CRT\X64\;C:\Program Files (x86)\Pulse Secure\VC142.CRT\X86\;C:\Program Files (x86)\Common Files\Pulse Secure\TNC Client Plugin\;C:\Program Files (x86)\Microsoft SQL Server\150\DTS\Binn\;C:\Program Files (x86)\Microsoft SQL Server\160\DTS\Binn\;C:\Program Files\Azure Data Studio\bin;C:\Program Files\Git\cmd;C:\Program Files\nodejs\;C:\Program Files\MySQL\MySQL Shell 8.0\bin\;C:\Users\DCS_Bouagga\AppData\Local\Microsoft\WindowsApps;C:\Users\DCS_Bouagga\AppData\Local\JetBrains\Toolbox\scripts;C:\Program Files\Azure Data Studio\bin;C:\Users\DCS_Bouagga\AppData\Local\Programs\Microsoft VS Code\bin;C:\Users\DCS_Bouagga\AppData\Local\GitHubDesktop\bin;C:\Program Files\Azure Data Studio\bin;C:\Users\DCS_Bouagga\AppData\Roaming\npm
USERNAME=DCS_Bouagga
DISPLAY=:0.0
LC_ALL=en_US.UTF-8
TERM=xterm-256color
TMPDIR=C:\Users\DCS_BO~1\AppData\Local\Temp
OS=Windows_NT
PROCESSOR_IDENTIFIER=Intel64 Family 6 Model 140 Stepping 1, GenuineIntel
TMP=C:\Users\DCS_BO~1\AppData\Local\Temp
TEMP=C:\Users\DCS_BO~1\AppData\Local\Temp



Periodic native trim disabled

JNI global refs:
JNI global refs: 18, weak refs: 0

JNI global refs memory usage: 843, weak refs: 209

OOME stack traces (most recent first):
Classloader memory used:
Loader bootstrap                                                                       : 1489K
Loader jdk.internal.loader.ClassLoaders$PlatformClassLoader                            : 65834B
Loader jdk.internal.loader.ClassLoaders$AppClassLoader                                 : 1808B


---------------  S Y S T E M  ---------------

OS:
 Windows 10 , 64 bit Build 19041 (10.0.19041.5678)
OS uptime: 3 days 3:30 hours
Hyper-V role detected

CPU: total 8 (initial active 8) (4 cores per cpu, 2 threads per core) family 6 model 140 stepping 1 microcode 0xa6, cx8, cmov, fxsr, ht, mmx, 3dnowpref, sse, sse2, sse3, ssse3, sse4.1, sse4.2, popcnt, lzcnt, tsc, tscinvbit, avx, avx2, aes, erms, clmul, bmi1, bmi2, adx, avx512f, avx512dq, avx512cd, avx512bw, avx512vl, sha, fma, vzeroupper, avx512_vpopcntdq, avx512_vpclmulqdq, avx512_vaes, avx512_vnni, clflush, clflushopt, clwb, avx512_vbmi2, avx512_vbmi, hv
Processor Information for all 8 processors :
  Max Mhz: 2419, Current Mhz: 2419, Mhz Limit: 2419

Memory: 4k page, system-wide physical 7821M (416M free)
TotalPageFile size 31373M (AvailPageFile size 29M)
current process WorkingSet (physical memory assigned to process): 55M, peak: 55M
current process commit charge ("private bytes"): 212M, peak: 213M

vm_info: OpenJDK 64-Bit Server VM (17.0.10+1-b1087.17) for windows-amd64 JRE (17.0.10+1-b1087.17), built on 2024-01-19 by "builduser" with MS VC++ 16.10 / 16.11 (VS2019)

END.
